gdb-peda$ vmmap
Start              End                Perm	Name
0x00400000         0x00401000         r--p	/home/mito/CTF/Access_Denied_CTF_2022/Pwn_ret2libc/ret2libc/ret2libc
0x00401000         0x00402000         r-xp	/home/mito/CTF/Access_Denied_CTF_2022/Pwn_ret2libc/ret2libc/ret2libc
0x00402000         0x00403000         r--p	/home/mito/CTF/Access_Denied_CTF_2022/Pwn_ret2libc/ret2libc/ret2libc
0x00403000         0x00404000         r--p	/home/mito/CTF/Access_Denied_CTF_2022/Pwn_ret2libc/ret2libc/ret2libc
0x00404000         0x00405000         rw-p	/home/mito/CTF/Access_Denied_CTF_2022/Pwn_ret2libc/ret2libc/ret2libc
0x00007ffff79e2000 0x00007ffff7bc9000 r-xp	/home/mito/CTF/Access_Denied_CTF_2022/Pwn_ret2libc/ret2libc/libc.so.6
0x00007ffff7bc9000 0x00007ffff7dc9000 ---p	/home/mito/CTF/Access_Denied_CTF_2022/Pwn_ret2libc/ret2libc/libc.so.6
0x00007ffff7dc9000 0x00007ffff7dcd000 r--p	/home/mito/CTF/Access_Denied_CTF_2022/Pwn_ret2libc/ret2libc/libc.so.6
0x00007ffff7dcd000 0x00007ffff7dcf000 rw-p	/home/mito/CTF/Access_Denied_CTF_2022/Pwn_ret2libc/ret2libc/libc.so.6
0x00007ffff7dcf000 0x00007ffff7dd3000 rw-p	mapped
0x00007ffff7dd3000 0x00007ffff7dfc000 r-xp	/lib/x86_64-linux-gnu/ld-2.27.so
0x00007ffff7ff5000 0x00007ffff7ff7000 rw-p	mapped
0x00007ffff7ff7000 0x00007ffff7ffa000 r--p	[vvar]
0x00007ffff7ffa000 0x00007ffff7ffc000 r-xp	[vdso]
0x00007ffff7ffc000 0x00007ffff7ffd000 r--p	/lib/x86_64-linux-gnu/ld-2.27.so
0x00007ffff7ffd000 0x00007ffff7ffe000 rw-p	/lib/x86_64-linux-gnu/ld-2.27.so
0x00007ffff7ffe000 0x00007ffff7fff000 rw-p	mapped
0x00007ffffffde000 0x00007ffffffff000 rw-p	[stack]
0xffffffffff600000 0xffffffffff601000 r-xp	[vsyscall]

gdb-peda$ x/40gx 0x00404000
0x404000:	0x0000000000403e20	0x00007ffff7ffe170
0x404010:	0x00007ffff7dea8f0	0x00007ffff7a62970
0x404020:	0x00007ffff7a6a470	0x00007ffff7a62060
0x404030:	0x0000000000000000	0x0000000000000000
0x404040 <stdout@@GLIBC_2.2.5>:	0x00007ffff7dce760	0x0000000000000000
0x404050 <stdin@@GLIBC_2.2.5>:	0x00007ffff7dcda00	0x0000000000000000
0x404060:	0x0000000000000000	0x0000000000000000
0x404070:	0x0000000000000000	0x0000000000000000


mito@ubuntu:~/CTF/Access_Denied_CTF_2022/Pwn_ret2libc/ret2libc$ gdb -q ./ret2libc 
Reading symbols from ./ret2libc...(no debugging symbols found)...done.
gdb-peda$ pattc 128
'AAA%AAsAABAA$AAnAACAA-AA(AADAA;AA)AAEAAaAA0AAFAAbAA1AAGAAcAA2AAHAAdAA3AAIAAeAA4AAJAAfAA5AAKAAgAA6AALAAhAA7AAMAAiAA8AANAAjAA9AAOA'
gdb-peda$ run
Starting program: /home/mito/CTF/Access_Denied_CTF_2022/Pwn_ret2libc/ret2libc/ret2libc 
Enter your name
AAA%AAsAABAA$AAnAACAA-AA(AADAA;AA)AAEAAaAA0AAFAAbAA1AAGAAcAA2AAHAAdAA3AAIAAeAA4AAJAAfAA5AAKAAgAA6AALAAhAA7AAMAAiAA8AANAAjAA9AAOA
AAA%AAsAABAA$AAnAACAA-AA(AADAA;AA)AAEAAaAA0AAFAAbAA1AAGAAcAA2AAHAAdAA3AAIAAeAA4AAJAAfAA5AAKAAgAA6AALAAhAA7AAMAAiAA8AANAAjAA9AAOA

Program received signal SIGSEGV, Segmentation fault.

[----------------------------------registers-----------------------------------]
RAX: 0x81 
RBX: 0x0 
RCX: 0x7ffff7af2104 (<write+20>:	cmp    rax,0xfffffffffffff000)
RDX: 0x7ffff7dcf8c0 --> 0x0 
RSI: 0x7ffff7dce7e3 --> 0xdcf8c0000000000a 
RDI: 0x1 
RBP: 0x6141414541412941 ('A)AAEAAa')
RSP: 0x7fffffffdd78 ("AA0AAFAAbAA1AAGAAcAA2AAHAAdAA3AAIAAeAA4AAJAAfAA5AAKAAgAA6AALAAhAA7AAMAAiAA8AANAAjAA9AAOA")
RIP: 0x4011d5 (<main+95>:	ret)
R8 : 0x80 
R9 : 0x7ffff7ff6540 (0x00007ffff7ff6540)
R10: 0x3 
R11: 0x246 
R12: 0x401090 (<_start>:	endbr64)
R13: 0x7fffffffde50 --> 0x1 
R14: 0x0 
R15: 0x0
EFLAGS: 0x10206 (carry PARITY adjust zero sign trap INTERRUPT direction overflow)
[-------------------------------------code-------------------------------------]
   0x4011ce <main+88>:	call   0x401060 <puts@plt>
   0x4011d3 <main+93>:	nop
   0x4011d4 <main+94>:	leave  
=> 0x4011d5 <main+95>:	ret    
   0x4011d6:	nop    WORD PTR cs:[rax+rax*1+0x0]
   0x4011e0 <__libc_csu_init>:	endbr64 
   0x4011e4 <__libc_csu_init+4>:	push   r15
   0x4011e6 <__libc_csu_init+6>:	lea    r15,[rip+0x2c23]        # 0x403e10
[------------------------------------stack-------------------------------------]
0000| 0x7fffffffdd78 ("AA0AAFAAbAA1AAGAAcAA2AAHAAdAA3AAIAAeAA4AAJAAfAA5AAKAAgAA6AALAAhAA7AAMAAiAA8AANAAjAA9AAOA")
0008| 0x7fffffffdd80 ("bAA1AAGAAcAA2AAHAAdAA3AAIAAeAA4AAJAAfAA5AAKAAgAA6AALAAhAA7AAMAAiAA8AANAAjAA9AAOA")
0016| 0x7fffffffdd88 ("AcAA2AAHAAdAA3AAIAAeAA4AAJAAfAA5AAKAAgAA6AALAAhAA7AAMAAiAA8AANAAjAA9AAOA")
0024| 0x7fffffffdd90 ("AAdAA3AAIAAeAA4AAJAAfAA5AAKAAgAA6AALAAhAA7AAMAAiAA8AANAAjAA9AAOA")
0032| 0x7fffffffdd98 ("IAAeAA4AAJAAfAA5AAKAAgAA6AALAAhAA7AAMAAiAA8AANAAjAA9AAOA")
0040| 0x7fffffffdda0 ("AJAAfAA5AAKAAgAA6AALAAhAA7AAMAAiAA8AANAAjAA9AAOA")
0048| 0x7fffffffdda8 ("AAKAAgAA6AALAAhAA7AAMAAiAA8AANAAjAA9AAOA")
0056| 0x7fffffffddb0 ("6AALAAhAA7AAMAAiAA8AANAAjAA9AAOA")
[------------------------------------------------------------------------------]
Legend: code, data, rodata, value
Stopped reason: SIGSEGV
0x00000000004011d5 in main ()
gdb-peda$ patto AA0A
AA0A found at offset: 40
