gdb-peda$ vmmap
Start              End                Perm	Name
0x0000555555554000 0x0000555555556000 r--p	/home/mito/CTF/Hacker's_Playground_2021/Pwn_LostArk/L0stArk
0x0000555555556000 0x000055555555a000 r-xp	/home/mito/CTF/Hacker's_Playground_2021/Pwn_LostArk/L0stArk
0x000055555555a000 0x000055555555c000 r--p	/home/mito/CTF/Hacker's_Playground_2021/Pwn_LostArk/L0stArk
0x000055555555d000 0x000055555555e000 r--p	/home/mito/CTF/Hacker's_Playground_2021/Pwn_LostArk/L0stArk
0x000055555555e000 0x000055555555f000 rw-p	/home/mito/CTF/Hacker's_Playground_2021/Pwn_LostArk/L0stArk
0x000055555555f000 0x0000555555580000 rw-p	[heap]
0x00007ffff70a3000 0x00007ffff7240000 r-xp	/lib/x86_64-linux-gnu/libm-2.27.so
0x00007ffff7240000 0x00007ffff743f000 ---p	/lib/x86_64-linux-gnu/libm-2.27.so
0x00007ffff743f000 0x00007ffff7440000 r--p	/lib/x86_64-linux-gnu/libm-2.27.so
0x00007ffff7440000 0x00007ffff7441000 rw-p	/lib/x86_64-linux-gnu/libm-2.27.so
0x00007ffff7441000 0x00007ffff7628000 r-xp	/lib/x86_64-linux-gnu/libc-2.27.so
0x00007ffff7628000 0x00007ffff7828000 ---p	/lib/x86_64-linux-gnu/libc-2.27.so
0x00007ffff7828000 0x00007ffff782c000 r--p	/lib/x86_64-linux-gnu/libc-2.27.so
0x00007ffff782c000 0x00007ffff782e000 rw-p	/lib/x86_64-linux-gnu/libc-2.27.so
0x00007ffff782e000 0x00007ffff7832000 rw-p	mapped
0x00007ffff7832000 0x00007ffff7849000 r-xp	/lib/x86_64-linux-gnu/libgcc_s.so.1
0x00007ffff7849000 0x00007ffff7a48000 ---p	/lib/x86_64-linux-gnu/libgcc_s.so.1
0x00007ffff7a48000 0x00007ffff7a49000 r--p	/lib/x86_64-linux-gnu/libgcc_s.so.1
0x00007ffff7a49000 0x00007ffff7a4a000 rw-p	/lib/x86_64-linux-gnu/libgcc_s.so.1
0x00007ffff7a4a000 0x00007ffff7bc3000 r-xp	/usr/lib/x86_64-linux-gnu/libstdc++.so.6.0.25
0x00007ffff7bc3000 0x00007ffff7dc3000 ---p	/usr/lib/x86_64-linux-gnu/libstdc++.so.6.0.25
0x00007ffff7dc3000 0x00007ffff7dcd000 r--p	/usr/lib/x86_64-linux-gnu/libstdc++.so.6.0.25
0x00007ffff7dcd000 0x00007ffff7dcf000 rw-p	/usr/lib/x86_64-linux-gnu/libstdc++.so.6.0.25
0x00007ffff7dcf000 0x00007ffff7dd3000 rw-p	mapped
0x00007ffff7dd3000 0x00007ffff7dfc000 r-xp	/lib/x86_64-linux-gnu/ld-2.27.so
0x00007ffff7fd1000 0x00007ffff7fd7000 rw-p	mapped
0x00007ffff7ff7000 0x00007ffff7ffa000 r--p	[vvar]
0x00007ffff7ffa000 0x00007ffff7ffc000 r-xp	[vdso]
0x00007ffff7ffc000 0x00007ffff7ffd000 r--p	/lib/x86_64-linux-gnu/ld-2.27.so
0x00007ffff7ffd000 0x00007ffff7ffe000 rw-p	/lib/x86_64-linux-gnu/ld-2.27.so
0x00007ffff7ffe000 0x00007ffff7fff000 rw-p	mapped
0x00007ffffffde000 0x00007ffffffff000 rw-p	[stack]
0xffffffffff600000 0xffffffffff601000 r-xp	[vsyscall]


gdb-peda$ x/200gx 0x000055555555e000
0x55555555e000:	0x0000000000000000	0x000055555555e008
0x55555555e010 <DW.ref.__gxx_personality_v0>:	0x00007ffff7adc210	0x0000000000000000
0x55555555e020:	0x0000000000000000	0x0000000000000000
0x55555555e030:	0x0000000000000000	0x0000000000000000
0x55555555e040 <stdout@@GLIBC_2.2.5>:	0x00007ffff782d760	0x0000000000000000
0x55555555e050 <stdin@@GLIBC_2.2.5>:	0x00007ffff782ca00	0x0000000000000000
0x55555555e060:	0x0000000000000000	0x0000000000000000
0x55555555e070:	0x0000000000000000	0x0000000000000000
0x55555555e080 <_ZSt4cout@@GLIBCXX_3.4>:	0x00007ffff7dca960	0x00007ffff7dca988
0x55555555e090 <_ZSt4cout@@GLIBCXX_3.4+16>:	0x0000000000000006	0x0000000000000000
0x55555555e0a0 <_ZSt4cout@@GLIBCXX_3.4+32>:	0x0000000000001002	0x0000000000000000
0x55555555e0b0 <_ZSt4cout@@GLIBCXX_3.4+48>:	0x0000000000000000	0x0000000000000000
0x55555555e0c0 <_ZSt4cout@@GLIBCXX_3.4+64>:	0x0000000000000000	0x0000000000000000
0x55555555e0d0 <_ZSt4cout@@GLIBCXX_3.4+80>:	0x0000000000000000	0x0000000000000000
0x55555555e0e0 <_ZSt4cout@@GLIBCXX_3.4+96>:	0x0000000000000000	0x0000000000000000
0x55555555e0f0 <_ZSt4cout@@GLIBCXX_3.4+112>:	0x0000000000000000	0x0000000000000000
0x55555555e100 <_ZSt4cout@@GLIBCXX_3.4+128>:	0x0000000000000000	0x0000000000000000
0x55555555e110 <_ZSt4cout@@GLIBCXX_3.4+144>:	0x0000000000000000	0x0000000000000000
0x55555555e120 <_ZSt4cout@@GLIBCXX_3.4+160>:	0x0000000000000000	0x0000000000000000
0x55555555e130 <_ZSt4cout@@GLIBCXX_3.4+176>:	0x0000000000000000	0x0000000000000000
0x55555555e140 <_ZSt4cout@@GLIBCXX_3.4+192>:	0x0000000000000000	0x0000000000000008
0x55555555e150 <_ZSt4cout@@GLIBCXX_3.4+208>:	0x000055555555e0c8	0x00007ffff7dd16a0
0x55555555e160 <_ZSt4cout@@GLIBCXX_3.4+224>:	0x0000000000000000	0x0000000000000120
0x55555555e170 <_ZSt4cout@@GLIBCXX_3.4+240>:	0x00007ffff7dcf740	0x00007ffff7dd10c0
0x55555555e180 <_ZSt4cout@@GLIBCXX_3.4+256>:	0x00007ffff7dd1050	0x00007ffff7dd1060
0x55555555e190:	0x0000000000000000	0x0000000000000000
0x55555555e1a0 <stderr@@GLIBC_2.2.5>:	0x00007ffff782d680	0x0000000000000000
0x55555555e1b0:	0x0000000000000000	0x0000000000000000
0x55555555e1c0 <_ZSt3cin@@GLIBCXX_3.4>:	0x00007ffff7dc9ec0	0x0000000000000000
0x55555555e1d0 <_ZSt3cin@@GLIBCXX_3.4+16>:	0x00007ffff7dc9ee8	0x0000000000000006
0x55555555e1e0 <_ZSt3cin@@GLIBCXX_3.4+32>:	0x0000000000000000	0x0000000000001002
0x55555555e1f0 <_ZSt3cin@@GLIBCXX_3.4+48>:	0x0000000000000000	0x0000000000000000
0x55555555e200 <_ZSt3cin@@GLIBCXX_3.4+64>:	0x0000000000000000	0x0000000000000000
0x55555555e210 <_ZSt3cin@@GLIBCXX_3.4+80>:	0x0000000000000000	0x0000000000000000
0x55555555e220 <_ZSt3cin@@GLIBCXX_3.4+96>:	0x0000000000000000	0x0000000000000000
0x55555555e230 <_ZSt3cin@@GLIBCXX_3.4+112>:	0x0000000000000000	0x0000000000000000
0x55555555e240 <_ZSt3cin@@GLIBCXX_3.4+128>:	0x0000000000000000	0x0000000000000000
0x55555555e250 <_ZSt3cin@@GLIBCXX_3.4+144>:	0x0000000000000000	0x0000000000000000
0x55555555e260 <_ZSt3cin@@GLIBCXX_3.4+160>:	0x0000000000000000	0x0000000000000000
0x55555555e270 <_ZSt3cin@@GLIBCXX_3.4+176>:	0x0000000000000000	0x0000000000000000
0x55555555e280 <_ZSt3cin@@GLIBCXX_3.4+192>:	0x0000000000000000	0x0000000000000000
0x55555555e290 <_ZSt3cin@@GLIBCXX_3.4+208>:	0x0000000000000008	0x000055555555e210
0x55555555e2a0 <_ZSt3cin@@GLIBCXX_3.4+224>:	0x00007ffff7dd16a0	0x000055555555e080
0x55555555e2b0 <_ZSt3cin@@GLIBCXX_3.4+240>:	0x0000000000000000	0x00007ffff7dcf6e0
0x55555555e2c0 <_ZSt3cin@@GLIBCXX_3.4+256>:	0x00007ffff7dd10c0	0x00007ffff7dd1050
0x55555555e2d0 <_ZSt3cin@@GLIBCXX_3.4+272>:	0x00007ffff7dd1060	0x0000000000000000
0x55555555e2e0 <v>:	0x0000555555571000	0x0000555555571018
0x55555555e2f0 <v+16>:	0x0000555555571020	0x0000000000000000
0x55555555e300 <_ZStL8__ioinit>:	0x0000000000000000	0x0000000000000000
0x55555555e310:	0x0000000000000000	0x0000000000000000


0x555555570e50:	0x0000000000000000	0x0000000000000000
0x555555570e60:	0x0000000000000000	0x0000000000000061
0x555555570e70:	0x000055555555dbf8	0x0000555555570e88
0x555555570e80:	0x0000000000000002	0x0000000000007025
0x555555570e90:	0x0000000000000000	0x0000555555570ea8
0x555555570ea0:	0x0000000000000006	0x0000726570616552
0x555555570eb0:	0x0000000000000000	0x0000000000000000
0x555555570ec0:	0x0000000000000000	0x0000000000000021
0x555555570ed0:	0x0000000000000000	0x000055555555f010
0x555555570ee0:	0x0000000000000000	0x0000000000000061
0x555555570ef0:	0x000055555555dbc8	0x0000555555570f08
0x555555570f00:	0x000000000000000f	0x4141414141414141
0x555555570f10:	0x0041414141414141	0x0000555555570f28
0x555555570f20:	0x0000000000000004	0x0000000064726142
0x555555570f30:	0x0000000000000000	0x0000000000000000
0x555555570f40:	0x0000000000000000	0x0000000000000021
0x555555570f50:	0x0000555555570ed0	0x000055555555f010
0x555555570f60:	0x0000000000000000	0x0000000000000061
0x555555570f70:	0x000055555555db98	0x0000555555570fd0
0x555555570f80:	0x0000000000000019	0x000000000000001e
0x555555570f90:	0x0042424242424242	0x0000555555570fa8
0x555555570fa0:	0x0000000000000007	0x0064726f6c726157
0x555555570fb0:	0x0000000000000000	0x0000000000000000
0x555555570fc0:	0x0000000000000000	0x0000000000000031
0x555555570fd0:	0x4242424242424242	0x4242424242424242
0x555555570fe0:	0x4242424242424242	0x0000000000000042
0x555555570ff0:	0x0000000000000000	0x0000000000000031
0x555555571000:	0x0000555555570e70	0x0000555555570ef0
0x555555571010:	0x0000555555570f70	0x0000000000000000
0x555555571020:	0x0000000000000000	0x000000000000efe1
0x555555571030:	0x0000000000000000	0x0000000000000000
0x555555571040:	0x0000000000000000	0x0000000000000000



──────────────────────────────────────────────────[ REGISTERS ]──────────────────────────────────────────────────
*RAX  0x4444444444444444 ('DDDDDDDD')
*RBX  0x0
*RCX  0xb40
*RDX  0x555555557556 ◂— endbr64 
*RDI  0x555555571950 —▸ 0x55555555dbf8 —▸ 0x5555555570f8 (Character::introduce()) ◂— endbr64 
*RSI  0x7ffff782e8c0 (_IO_stdfile_1_lock) ◂— 0x0
 R8   0x7ffff782e8c0 (_IO_stdfile_1_lock) ◂— 0x0
 R9   0x7ffff7fd3d80 ◂— 0x7ffff7fd3d80
 R10  0xa
 R11  0x246
*R12  0x5555555563e0 (_start) ◂— endbr64 
*R13  0x7fffffffde60 ◂— 0x1
*R14  0x0
 R15  0x0
*RBP  0x7fffffffdd50 —▸ 0x7fffffffdd60 —▸ 0x7fffffffdd80 —▸ 0x5555555598b0 (__libc_csu_init) ◂— endbr64 
*RSP  0x7fffffffdd40 —▸ 0x7fffffffdd60 —▸ 0x7fffffffdd80 —▸ 0x5555555598b0 (__libc_csu_init) ◂— endbr64 
*RIP  0x5555555571d8 (Character::useSkill()+106) ◂— call   rax
───────────────────────────────────────────────────[ DISASM ]────────────────────────────────────────────────────
 ► 0x5555555571d8 <Character::useSkill()+106>    call   rax <0x4444444444444444>
 
   0x5555555571da <Character::useSkill()+108>    jmp    Character::useSkill()+150 <Character::useSkill()+150>
 
   0x5555555571dc <Character::useSkill()+110>    lea    rsi, [rip + 0x2e44]
   0x5555555571e3 <Character::useSkill()+117>    lea    rdi, [rip + 0x6e96] <0x55555555e080>
   0x5555555571ea <Character::useSkill()+124>    call   0x5555555562c0 <0x5555555562c0>
 
   0x5555555571ef <Character::useSkill()+129>    mov    rdx, rax
   0x5555555571f2 <Character::useSkill()+132>    mov    rax, qword ptr [rip + 0x6dd7] <0x55555555dfd0>
   0x5555555571f9 <Character::useSkill()+139>    mov    rsi, rax
   0x5555555571fc <Character::useSkill()+142>    mov    rdi, rdx
   0x5555555571ff <Character::useSkill()+145>    call   0x5555555562e0 <0x5555555562e0>
 
   0x555555557204 <Character::useSkill()+150>    nop 

0x555555571940:	0x0000000000000000	0x0000000000000061
0x555555571950:	0x000055555555dbf8	0x00005555555719b0
0x555555571960:	0x0000000000000013	0x000000000000001e
0x555555571970:	0x0046464646464646	0x0000555555571988
0x555555571980:	0x0000000000000006	0x4400726570616552
0x555555571990:	0x4444444444444444	0x4444444444444444
0x5555555719a0:	0x4444444444444444	0x0000000000000031
0x5555555719b0:	0x4646464646464646	0x4646464646464646
0x5555555719c0:	0x4444444400464646	0x4444444444444444
0x5555555719d0:	0x4444444444444444	0x000000000000e631
0x5555555719e0:	0x4444444444444444	0x4444444444444444
 