[----------------------------------registers-----------------------------------]
RAX: 0xffffffff 
RBX: 0x0 
RCX: 0x7ffff7dcda00 --> 0xfbad208b 
RDX: 0x7ffff7dcf8d0 --> 0x0 
RSI: 0x7ffff7dcda83 --> 0xdcf8d0000000000a 
RDI: 0x0 
RBP: 0x4141334141644141 ('AAdAA3AA')
RSP: 0x7fffffffddc8 ("IAAeAA4AAJAAfAA5AAKAAgAA6AALAAhAA7AAMAAiAA8AANAAjAA9AAOAAkAAPAAlAAQAAmAARAAoAASAApAATAAqAAUAArAAVAAtAAWAAuAAXAAvAAYAAwAAZAAxAAyAAzA%%A%sA%BA%$A%nA%CA%-A%(A%DA%;A%)A%EA%aA%0A%FA%bA%1A%G")
RIP: 0x401305 (<jump+45>:	ret)
R8 : 0x7ffff7dcf8c0 --> 0x0 
R9 : 0x7ffff7fd64c0 (0x00007ffff7fd64c0)
R10: 0x3 
R11: 0x246 
R12: 0x401130 (<_start>:	endbr64)
R13: 0x7fffffffdec0 --> 0x1 
R14: 0x0 
R15: 0x0
EFLAGS: 0x10246 (carry PARITY adjust ZERO sign trap INTERRUPT direction overflow)
[-------------------------------------code-------------------------------------]
   0x4012fa <jump+34>:	call   0x401100 <gets@plt>
   0x4012ff <jump+39>:	mov    eax,0xffffffff
   0x401304 <jump+44>:	leave  
=> 0x401305 <jump+45>:	ret    
   0x401306 <main>:	endbr64 
   0x40130a <main+4>:	push   rbp
   0x40130b <main+5>:	mov    rbp,rsp
   0x40130e <main+8>:	sub    rsp,0x10
[------------------------------------stack-------------------------------------]
0000| 0x7fffffffddc8 ("IAAeAA4AAJAAfAA5AAKAAgAA6AALAAhAA7AAMAAiAA8AANAAjAA9AAOAAkAAPAAlAAQAAmAARAAoAASAApAATAAqAAUAArAAVAAtAAWAAuAAXAAvAAYAAwAAZAAxAAyAAzA%%A%sA%BA%$A%nA%CA%-A%(A%DA%;A%)A%EA%aA%0A%FA%bA%1A%G")
0008| 0x7fffffffddd0 ("AJAAfAA5AAKAAgAA6AALAAhAA7AAMAAiAA8AANAAjAA9AAOAAkAAPAAlAAQAAmAARAAoAASAApAATAAqAAUAArAAVAAtAAWAAuAAXAAvAAYAAwAAZAAxAAyAAzA%%A%sA%BA%$A%nA%CA%-A%(A%DA%;A%)A%EA%aA%0A%FA%bA%1A%G")
0016| 0x7fffffffddd8 ("AAKAAgAA6AALAAhAA7AAMAAiAA8AANAAjAA9AAOAAkAAPAAlAAQAAmAARAAoAASAApAATAAqAAUAArAAVAAtAAWAAuAAXAAvAAYAAwAAZAAxAAyAAzA%%A%sA%BA%$A%nA%CA%-A%(A%DA%;A%)A%EA%aA%0A%FA%bA%1A%G")
0024| 0x7fffffffdde0 ("6AALAAhAA7AAMAAiAA8AANAAjAA9AAOAAkAAPAAlAAQAAmAARAAoAASAApAATAAqAAUAArAAVAAtAAWAAuAAXAAvAAYAAwAAZAAxAAyAAzA%%A%sA%BA%$A%nA%CA%-A%(A%DA%;A%)A%EA%aA%0A%FA%bA%1A%G")
0032| 0x7fffffffdde8 ("A7AAMAAiAA8AANAAjAA9AAOAAkAAPAAlAAQAAmAARAAoAASAApAATAAqAAUAArAAVAAtAAWAAuAAXAAvAAYAAwAAZAAxAAyAAzA%%A%sA%BA%$A%nA%CA%-A%(A%DA%;A%)A%EA%aA%0A%FA%bA%1A%G")
0040| 0x7fffffffddf0 ("AA8AANAAjAA9AAOAAkAAPAAlAAQAAmAARAAoAASAApAATAAqAAUAArAAVAAtAAWAAuAAXAAvAAYAAwAAZAAxAAyAAzA%%A%sA%BA%$A%nA%CA%-A%(A%DA%;A%)A%EA%aA%0A%FA%bA%1A%G")
0048| 0x7fffffffddf8 ("jAA9AAOAAkAAPAAlAAQAAmAARAAoAASAApAATAAqAAUAArAAVAAtAAWAAuAAXAAvAAYAAwAAZAAxAAyAAzA%%A%sA%BA%$A%nA%CA%-A%(A%DA%;A%)A%EA%aA%0A%FA%bA%1A%G")
0056| 0x7fffffffde00 ("AkAAPAAlAAQAAmAARAAoAASAApAATAAqAAUAArAAVAAtAAWAAuAAXAAvAAYAAwAAZAAxAAyAAzA%%A%sA%BA%$A%nA%CA%-A%(A%DA%;A%)A%EA%aA%0A%FA%bA%1A%G")
[------------------------------------------------------------------------------]
Legend: code, data, rodata, value
Stopped reason: SIGSEGV
0x0000000000401305 in jump ()
gdb-peda$ patto IAAeAA4
IAAeAA4 found at offset: 72

gdb-peda$ vmmap
Start              End                Perm	Name
0x00400000         0x00401000         r--p	/home/mito/CTF/UMDCTF_2021/Pwn_Jump_Not_Easy_100/JNE
0x00401000         0x00402000         r-xp	/home/mito/CTF/UMDCTF_2021/Pwn_Jump_Not_Easy_100/JNE
0x00402000         0x00403000         r--p	/home/mito/CTF/UMDCTF_2021/Pwn_Jump_Not_Easy_100/JNE
0x00403000         0x00404000         r--p	/home/mito/CTF/UMDCTF_2021/Pwn_Jump_Not_Easy_100/JNE
0x00404000         0x00405000         rw-p	/home/mito/CTF/UMDCTF_2021/Pwn_Jump_Not_Easy_100/JNE
0x00007ffff79e2000 0x00007ffff7bc9000 r-xp	/lib/x86_64-linux-gnu/libc-2.27.so
0x00007ffff7bc9000 0x00007ffff7dc9000 ---p	/lib/x86_64-linux-gnu/libc-2.27.so
0x00007ffff7dc9000 0x00007ffff7dcd000 r--p	/lib/x86_64-linux-gnu/libc-2.27.so
0x00007ffff7dcd000 0x00007ffff7dcf000 rw-p	/lib/x86_64-linux-gnu/libc-2.27.so
0x00007ffff7dcf000 0x00007ffff7dd3000 rw-p	mapped
0x00007ffff7dd3000 0x00007ffff7dfc000 r-xp	/lib/x86_64-linux-gnu/ld-2.27.so
0x00007ffff7fd5000 0x00007ffff7fd7000 rw-p	mapped
0x00007ffff7ff7000 0x00007ffff7ffa000 r--p	[vvar]
0x00007ffff7ffa000 0x00007ffff7ffc000 r-xp	[vdso]
0x00007ffff7ffc000 0x00007ffff7ffd000 r--p	/lib/x86_64-linux-gnu/ld-2.27.so
0x00007ffff7ffd000 0x00007ffff7ffe000 rw-p	/lib/x86_64-linux-gnu/ld-2.27.so
0x00007ffff7ffe000 0x00007ffff7fff000 rw-p	mapped
0x00007ffffffde000 0x00007ffffffff000 rw-p	[stack]
0xffffffffff600000 0xffffffffff601000 r-xp	[vsyscall]

