gdb-peda$ vmmap
Start              End                Perm	Name
0x0000555555554000 0x0000555555557000 r-xp	/home/mito/CTF/COMPFEST_CTF_2021/Pwn_BrainSim/brainsim-master-public/public/BrainSim
0x0000555555557000 0x0000555555558000 r-xp	/home/mito/CTF/COMPFEST_CTF_2021/Pwn_BrainSim/brainsim-master-public/public/BrainSim
0x0000555555558000 0x0000555555559000 rwxp	/home/mito/CTF/COMPFEST_CTF_2021/Pwn_BrainSim/brainsim-master-public/public/BrainSim
0x0000555555559000 0x000055555557a000 rwxp	[heap]
0x00007ffff79e2000 0x00007ffff7bc9000 r-xp	/lib/x86_64-linux-gnu/libc-2.27.so
0x00007ffff7bc9000 0x00007ffff7dc9000 ---p	/lib/x86_64-linux-gnu/libc-2.27.so
0x00007ffff7dc9000 0x00007ffff7dcd000 r-xp	/lib/x86_64-linux-gnu/libc-2.27.so
0x00007ffff7dcd000 0x00007ffff7dcf000 rwxp	/lib/x86_64-linux-gnu/libc-2.27.so
0x00007ffff7dcf000 0x00007ffff7dd3000 rwxp	mapped
0x00007ffff7dd3000 0x00007ffff7dfc000 r-xp	/lib/x86_64-linux-gnu/ld-2.27.so
0x00007ffff7fd5000 0x00007ffff7fd7000 rwxp	mapped
0x00007ffff7ff7000 0x00007ffff7ffa000 r--p	[vvar]
0x00007ffff7ffa000 0x00007ffff7ffc000 r-xp	[vdso]
0x00007ffff7ffc000 0x00007ffff7ffd000 r-xp	/lib/x86_64-linux-gnu/ld-2.27.so
0x00007ffff7ffd000 0x00007ffff7ffe000 rwxp	/lib/x86_64-linux-gnu/ld-2.27.so
0x00007ffff7ffe000 0x00007ffff7fff000 rwxp	mapped
0x00007ffffffde000 0x00007ffffffff000 rwxp	[stack]
0xffffffffff600000 0xffffffffff601000 r-xp	[vsyscall]
gdb-peda$ 

0x555555557f70:	0x0000000000000000	0x0000000000000000
0x555555557f80:	0x0000000000000000	0x0000000000000000
0x555555557f90:	0x0000000000003da0	0x0000000000000000
0x555555557fa0:	0x0000000000000000	0x00007ffff7a648f0
0x555555557fb0:	0x00007ffff7a62aa0	0x00007ffff7a46f70
0x555555557fc0:	0x00007ffff7b70e90	0x00007ffff7a69fd0
0x555555557fd0:	0x00007ffff7a633d0	0x0000000000000000
0x555555557fe0:	0x00007ffff7a03b10	0x0000000000000000
0x555555557ff0:	0x0000000000000000	0x00007ffff7a25640
0x555555558000:	0x0000000000000000	0x0000555555558008
0x555555558010:	0x0000000000000000	0x0000000000000000
0x555555558020 <stdout@@GLIBC_2.2.5>:	0x00007ffff7dce760	0x0000000000000000
0x555555558030:	0x0000000000000000	0x0000000000000000
0x555555558040 <ins>:	0x2e3e2e3e2e3e2e3e	0x2e3e2e3e2e3e2e3e
0x555555558050 <ins+16>:	0x2e3e2e3e2e3e2e3e	0x2e3e2e3e2e3e2e3e
0x555555558060 <ins+32>:	0x2e3e2e3e2e3e2e3e	0x2e3e2e3e2e3e2e3e
0x555555558070 <ins+48>:	0x2e3e2e3e2e3e2e3e	0x2e3e2e3e2e3e2e3e
0x555555558080 <ins+64>:	0x2e3e2e3e2e3e2e3e	0x2e3e2e3e2e3e2e3e
0x555555558090 <ins+80>:	0x2e3e2e3e2e3e2e3e	0x2e3e2e3e2e3e2e3e
0x5555555580a0 <ins+96>:	0x2e3e2e3e2e3e2e3e	0x2e3e2e3e2e3e2e3e
0x5555555580b0 <ins+112>:	0x2e3e2e3e2e3e2e3e	0x2e3e2e3e2e3e2e3e
0x5555555580c0 <ins+128>:	0x2e3e2e3e2e3e2e3e	0x2e3e2e3e2e3e2e3e
0x5555555580d0 <ins+144>:	0x2e3e2e3e2e3e2e3e	0x2e3e2e3e2e3e2e3e
0x5555555580e0 <ins+160>:	0x2e3e2e3e2e3e2e3e	0x2e3e2e3e2e3e2e3e
0x5555555580f0 <ins+176>:	0x2e3e2e3e2e3e2e3e	0x2e3e2e3e2e3e2e3e
0x555555558100 <ins+192>:	0x0000000000000000	0x0000000000000000
0x555555558110 <ins+208>:	0x0000000000000000	0x0000000000000000

0x555555558830 <ins+2032>:	0x0000000000000000	0x0000000000000000
0x555555558840 <ip_end>:	0x00000001000000c0	0x0000000200000000
0x555555558850:	0x0000000000000000	0x0000000000000000
0x555555558860:	0x0000000000000000	0x0000000000000000

0x555555558834 <ins+2036>:	0x0000000000000000	0x000000c000000000
0x555555558844 <mp>:	0x0000000000000001	0x0000000000000002

0x555555558838 <ins+2040>:	0x0000000000000000	0x00000001000000c0
0x555555558848 <brack>:	0x0000000200000000	0x0000000000000000
0x555555558858:	0x0000000000000000	0x0000000000000000

0x55555555883c <ins+2044>:	0x000000c000000000	0x0000000000000001
0x55555555884c <ip>:	0x0000000000000002	0x0000000000000000
0x55555555885c:	0x0000000000000000	0x0000000000000000

0x555555559230:	0x0000000000000000	0x0000000000000000
0x555555559240:	0x0000000000000000	0x0000000000000000
0x555555559250:	0x0000000000000000	0x0000000000000411
0x555555559260:	0x2e3e2e3e2e3e2e3e	0x2e3e2e3e2e3e2e3e
0x555555559270:	0x2e3e2e3e2e3e2e3e	0x2e3e2e3e2e3e2e3e
0x555555559280:	0x2e3e2e3e2e3e2e3e	0x2e3e2e3e2e3e2e3e
0x555555559290:	0x2e3e2e3e2e3e2e3e	0x2e3e2e3e2e3e2e3e
0x5555555592a0:	0x2e3e2e3e2e3e2e3e	0x2e3e2e3e2e3e2e3e
0x5555555592b0:	0x2e3e2e3e2e3e2e3e	0x2e3e2e3e2e3e2e3e
0x5555555592c0:	0x2e3e2e3e2e3e2e3e	0x2e3e2e3e2e3e2e3e
0x5555555592d0:	0x2e3e2e3e2e3e2e3e	0x2e3e2e3e2e3e2e3e
0x5555555592e0:	0x2e3e2e3e2e3e2e3e	0x2e3e2e3e2e3e2e3e
0x5555555592f0:	0x2e3e2e3e2e3e2e3e	0x2e3e2e3e2e3e2e3e
0x555555559300:	0x2e3e2e3e2e3e2e3e	0x2e3e2e3e2e3e2e3e
0x555555559310:	0x2e3e2e3e2e3e2e3e	0x2e3e2e3e2e3e2e3e
0x555555559320:	0x000000000000000a	0x0000000000000000
0x555555559330:	0x0000000000000000	0x0000000000000000

0x7fffffffd580:	0x00007fffffffdee0	0x0000000000000000
0x7fffffffd590:	0x0000000000000000	0x00007ffff7a6f4d3
0x7fffffffd5a0:	0x00007ffff7dce760	0x00007fffffffdde0
0x7fffffffd5b0:	0x0000555555555100	0x00007ffff7a649d5
0x7fffffffd5c0:	0x0000000000000000	0x00005555555555bc
0x7fffffffd5d0:	0x00000064501e0a00	0x0000000000000000
0x7fffffffd5e0:	0x0000000000000000	0x0000000000000000


0x7fffffffdda0:	0x0000000000000000	0x0000000000000000
0x7fffffffddb0:	0x0000000000000000	0x0000000000000000
0x7fffffffddc0:	0x0000000000000000	0x0000000000000000
0x7fffffffddd0:	0x00007fffffffdee0	0x00007fffffffd5d0
0x7fffffffdde0:	0x00007fffffffde00	0x00005555555556ed
0x7fffffffddf0:	0x00007fffffffdee0	0x3100000000000000
0x7fffffffde00:	0x0000555555555700	0x00007ffff7a03bf7
0x7fffffffde10:	0x0000000000000001	0x00007fffffffdee8
0x7fffffffde20:	0x0000000100008000	0x00005555555556a9
0x7fffffffde30:	0x0000000000000000	0xbb90cdba3436ed48
0x7fffffffde40:	0x0000555555555100	0x00007fffffffdee0
0x7fffffffde50:	0x0000000000000000	0x0000000000000000
0x7fffffffde60:	0xeec598ef2616ed48	0xeec58850ed68ed48


[----------------------------------registers-----------------------------------]
RAX: 0x9 ('\t')
RBX: 0x0 
RCX: 0x7ffff7af2224 (<__GI___libc_write+20>:	cmp    rax,0xfffffffffffff000)
RDX: 0x9 ('\t')
RSI: 0x0 
RDI: 0x1 
RBP: 0x4141414141414141 ('AAAAAAAA')
RSP: 0x7fffffffdde8 ('A' <repeats 200 times>...)
RIP: 0x55555555567f (<interpret+609>:	ret)
R8 : 0x0 
R9 : 0x7ffff7fd64c0 (0x00007ffff7fd64c0)
R10: 0x555555559010 --> 0x0 
R11: 0x246 
R12: 0x555555555100 (<_start>:	endbr64)
R13: 0x7fffffffdee0 --> 0x1 
R14: 0x0 
R15: 0x0
EFLAGS: 0x10246 (carry PARITY adjust ZERO sign trap INTERRUPT direction overflow)
[-------------------------------------code-------------------------------------]
   0x555555555676 <interpret+600>:	cmp    edx,eax
   0x555555555678 <interpret+602>:	jne    0x555555555493 <interpret+117>
   0x55555555567e <interpret+608>:	leave  
=> 0x55555555567f <interpret+609>:	ret    
   0x555555555680 <init>:	endbr64 
   0x555555555684 <init+4>:	push   rbp
   0x555555555685 <init+5>:	mov    rbp,rsp
   0x555555555688 <init+8>:	mov    rax,QWORD PTR [rip+0x2991]        # 0x555555558020 <stdout@@GLIBC_2.2.5>
[------------------------------------stack-------------------------------------]
0000| 0x7fffffffdde8 ('A' <repeats 200 times>...)
0008| 0x7fffffffddf0 ('A' <repeats 200 times>...)
0016| 0x7fffffffddf8 ('A' <repeats 200 times>...)
0024| 0x7fffffffde00 ('A' <repeats 200 times>...)
0032| 0x7fffffffde08 ('A' <repeats 200 times>...)
0040| 0x7fffffffde10 ('A' <repeats 192 times>, "\n")
0048| 0x7fffffffde18 ('A' <repeats 184 times>, "\n")
0056| 0x7fffffffde20 ('A' <repeats 176 times>, "\n")
[------------------------------------------------------------------------------]
Legend: code, data, rodata, value
Stopped reason: SIGSEGV
0x000055555555567f in interpret () at BrainSim.c:118
118	BrainSim.c: No such file or directory.



    00000240  00 00 00 00  00 00 00 00  00 00 00 b7  9c 29 87 55  │····│····│····│·)·U│
    00000250  00 00 d0 4f  a8 6b fd 7f  00 00 00 58  a8 6b fd 7f  │···O│·k··│···X│·k··│
    00000260  00 00 e8 b6  9c 29 87 55  00 00 f0 58  a8 6b fd 7f  │····│·)·U│···X│·k··│
    00000270  00 00 00 00  00 00 00 00  00 31 00 00  00 00 00 00  │····│····│·1··│····│
    00000280  00 00 b3 90  05 0a 06 7f  00 00 0d 00  00 00 03 00  │····│····│····│····│


    00000000  0a 4f 75 74  70 75 74 3a  20 00 00 00  00 00 00 00  │·Out│put:│ ···│····│
    00000010  00 00 00 00  00 00 00 00  00 00 00 00  00 00 00 00  │····│····│····│····│
    *
    00000800  00 00 00 00  00 00 00 00  e0 de ff ff  ff 7f 00 00  │····│····│····│····│
    00000810  d0 d5 ff ff  ff 7f 00 00  00 de ff ff  ff 7f 00 00  │····│····│····│····│
    00000820  ed 56 55 55  55 55 00 00  e0 de ff ff  ff 7f 00 00  │·VUU│UU··│····│····│
    00000830  00 00 00 00  00 00 00 31  00 57 55 55  55 55 00 00  │····│···1│·WUU│UU··│
    00000840  f7 a0 2a a6  f7 ff 7f 0a     