gdb-peda$ vmmap
Start              End                Perm	Name
0x00400000         0x00401000         r--p	/home/mito/CTF/corCTF_2021/Pwn_CShell/Cshell
0x00401000         0x004c3000         r-xp	/home/mito/CTF/corCTF_2021/Pwn_CShell/Cshell
0x004c3000         0x00506000         r--p	/home/mito/CTF/corCTF_2021/Pwn_CShell/Cshell
0x00507000         0x0050b000         r--p	/home/mito/CTF/corCTF_2021/Pwn_CShell/Cshell
0x0050b000         0x0050e000         rw-p	/home/mito/CTF/corCTF_2021/Pwn_CShell/Cshell
0x0050e000         0x00539000         rw-p	[heap]
0x00007ffff7ffa000 0x00007ffff7ffd000 r--p	[vvar]
0x00007ffff7ffd000 0x00007ffff7fff000 r-xp	[vdso]
0x00007ffffffde000 0x00007ffffffff000 rw-p	[stack]
0xffffffffff600000 0xffffffffff601000 r-xp	[vsyscall]


gdb-peda$ x/80gx 0x0050b000 
0x50b000:	0x0000000000000000	0x0000000000000000
0x50b010:	0x0000000000000000	0x0000000000460160
0x50b020:	0x000000000045fe40	0x00000000004670f0
0x50b030:	0x000000000044a320	0x00000000004670f0
0x50b040:	0x00000000004a5160	0x000000000045f710
0x50b050:	0x0000000000464380	0x000000000045f220
0x50b060:	0x000000000044a050	0x00000000004661c0
0x50b070:	0x00000000004495e0	0x000000000044a870
0x50b080:	0x000000000045d544	0x00000000004a4bf0
0x50b090:	0x0000000000467c40	0x0000000000469430
0x50b0a0:	0x00000000004451f0	0x0000000000467bd0
0x50b0b0:	0x00000000004670e0	0x00000000004667c0
0x50b0c0:	0x00000000004a2af4	0x0000000000466900
0x50b0d0:	0x000000000045fca0	0x000000000045eff0
0x50b0e0:	0x0000000000000000	0x0000000000000000
0x50b0f0 <uid>:	0x37333331000003e8	0x0000000000000000
0x50b100 <__x86_rep_stosb_threshold>:	0x0000000000000800	0x0000000000001000
0x50b110 <__x86_raw_shared_cache_size>:	0x0000000000600000	0x0000000000300000
0x50b120 <__x86_shared_cache_size>:	0x0000000000600000	0x0000000000300000
0x50b130 <__x86_raw_data_cache_size>:	0x0000000000008000	0x0000000000004000

gdb-peda$ x/80gx 0x50d300
0x50d300 <completed.1>:	0x0000000000000000	0x0000000000000000
0x50d310:	0x0000000000000000	0x0000000000000000
0x50d320 <object.0>:	0xffffffffffffffff	0x0000000000000000
0x50d330 <object.0+16>:	0x0000000000000000	0x00000000004f7bc8
0x50d340 <object.0+32>:	0x00000000000007f8	0x0000000000000000
0x50d350:	0x0000000000000000	0x0000000000000000
0x50d360 <alex_buff>:	0x0000000000518710	0x0000000000518760
0x50d370 <Johnny_buff>:	0x00000000005187c0	0x0000000000518830
0x50d380 <user>:	0x00000000005188c0	0x00000000005188eb
0x50d390 <root_t>:	0x00000000005186b0	0x00000000005186e0
0x50d3a0 <username>:	0x0000006e696d6461	0x0000000000000000
0x50d3b0 <username+16>:	0x0000000000000000	0x0000000000000000
0x50d3c0 <username+32>:	0x0000000000000000	0x0000000000000000
0x50d3d0 <username+48>:	0x0000000000000000	0x0000000000000000
0x50d3e0 <userbuffer>:	0x0000000000000000	0x0000000000000000
0x50d3f0 <hash>:	0x000000000050d400	0x0000000000000000
0x50d400 <nr_crypt_ctx.0>:	0x58376e4775743331	0x0000005167416e58
0x50d410 <nr_crypt_ctx.0+16>:	0x0000000000000000	0x0000000000000000
0x50d420 <nr_crypt_ctx.0+32>:	0x0000000000000000	0x0000000000000000
0x50d430 <nr_crypt_ctx.0+48>:	0x0000000000000000	0x0000000000000000


0x518950:	0x0000000000000000	0x0000000000000000
0x518960:	0x0000000000000000	0x0000000000000000
0x518970:	0x0000000000000000	0x00000000000000e1
0x518980:	0x0000000000000000	0x4173414125414141
0x518990:	0x6e41412441414241	0x41412d4141434141
0x5189a0:	0x413b414144414128	0x6141414541412941
0x5189b0:	0x4141464141304141	0x4147414131414162
0x5189c0:	0x4841413241416341	0x4141334141644141
0x5189d0:	0x4134414165414149	0x3541416641414a41
0x5189e0:	0x41416741414b4141	0x416841414c414136
0x5189f0:	0x6941414d41413741	0x41414e4141384141
0x518a00:	0x414f41413941416a	0x6c41415041416b41
0x518a10:	0x41416d4141514141	0x415341416f414152
0x518a20:	0x7141415441417041	0x4141724141554141
0x518a30:	0x4157414174414156	0x7641415841417541
0x518a40:	0x4141774141594141	0x417941417841415a
0x518a50:	0x0000000000000000	0x00000000000205b1
0x518a60:	0x0000000000000000	0x0000000000000000


pwndbg> x/120gx 0x518600
0x518600:	0x0000000000518650	0x00000000004f490a
0x518610:	0x0000000000000000	0x00000000004f4fd2
0x518620:	0x0000000000000005	0x0000000000000000
0x518630:	0x0000000000000000	0x0000000000000000
0x518640:	0x0000000000000000	0x0000000000000000
0x518650:	0x0000000000000000	0x00000000004f490a
0x518660:	0x0000000000000000	0x00000000004f4fd8
0x518670:	0x0000000000000009	0x0000000000000000
0x518680:	0x0000000000000000	0x0000000000000000
0x518690:	0x0000000000000000	0x0000000000000000
0x5186a0:	0x0000000000000000	0x0000000000000031
0x5186b0:	0x00000000005186e0	0x00000000005188eb
0x5186c0:	0x00000000746f6f72	0x0000000000000000
0x5186d0:	0x0000000000000000	0x0000000000000031
0x5186e0:	0x0000000000000000	0x00000000005188c0
0x5186f0:	0x0000000044434241	0x00000000000003e8
0x518700:	0x0000000000000000	0x0000000000000051
0x518710:	0x73754a0a78656c41	0x7265737520612074
0x518720:	0x73696874206e6f20	0x2e6d657473797320
0x518730:	0x0000000000000000	0x0000000000000000
0x518740:	0x0000000000000000	0x0000000000000000
0x518750:	0x0000000000000000	0x0000000000000061
0x518760:	0x0000000000000518	0x0000000000517d90
0x518770:	0x7420747375727420	0x7275636573206568
0x518780:	0x7420666f20797469	0x676f727020736968
0x518790:	0x00002e2e2e6d6172	0x0000000000000000
0x5187a0:	0x0000000000000000	0x0000000000000000
0x5187b0:	0x0000000000000000	0x0000000000000071
0x5187c0:	0x200a796e6e686f4a	0x6572757320746f4e
0x5187d0:	0x6120492079687720	0x726573752061206d
0x5187e0:	0x73696874206e6f20	0x2e6d657473797320
0x5187f0:	0x0000000000000000	0x0000000000000000
0x518800:	0x0000000000000000	0x0000000000000000
0x518810:	0x0000000000000000	0x0000000000000000
0x518820:	0x0000000000000000	0x0000000000000091
0x518830:	0x0000000000000518	0x0000000000517d90
0x518840:	0x2065687420666f20	0x6f72702074736562
0x518850:	0x204920736d617267	0x6576652065766168
0x518860:	0x0021646573752072	0x0000000000000000
0x518870:	0x0000000000000000	0x0000000000000000
0x518880:	0x0000000000000000	0x0000000000000000
0x518890:	0x0000000000000000	0x0000000000000000
0x5188a0:	0x0000000000000000	0x0000000000000000
0x5188b0:	0x0000000000000000	0x00000000000000c1
0x5188c0:	0x656d610044434241	0x6d43424d4e783331
0x5188d0:	0x00000051324c6d6c	0x0000000000000000
0x5188e0:	0x0000000000000000	0x00746f6f72000000
0x5188f0:	0x7373657567000000	0x00000000293a656d
0x518900:	0x0000000000000000	0x0000000000000000


0x518820:	0x0000000000000000	0x0000000000000091
0x518830:	0x0000000000000518	0x6161616161616161
0x518840:	0x6161616161616161	0x6161616161616161
0x518850:	0x6161616161616161	0x6161616161616161
0x518860:	0x6161616161616161	0x6161616161616161
0x518870:	0x6161616161616161	0x6161616161616161
0x518880:	0x6161616161616161	0x6161616161616161
0x518890:	0x6161616161616161	0x6161616161616161
0x5188a0:	0x6161616161616161	0x6161616161616161
0x5188b0:	0x6161616161616161	0x6161616161616161
0x5188c0:	0x6161610044434241	0x6d43424d4e783331
0x5188d0:	0x61610051324c6d6c	0x6161616161616161
0x5188e0:	0x6161616161616161	0x6161616161616161
0x5188f0:	0x6161616161616161	0x6161616161616161
0x518900:	0x0000000000000000	0x0000000000000000
0x518910:	0x0000000000000000	0x0000000000000000

pwndbg> x/80gx 0x50d390
0x50d390 <root_t>:	0x00000000005186b0	0x00000000005186e0
0x50d3a0 <username>:	0x0000000044434241	0x0000000000000000
0x50d3b0 <username+16>:	0x0000000000000000	0x0000000000000000
0x50d3c0 <username+32>:	0x0000000000000000	0x0000000000000000
0x50d3d0 <username+48>:	0x0000000000000000	0x0000000000000000
0x50d3e0 <userbuffer>:	0x0000000000518830	0x0000000000000080
0x50d3f0 <hash>:	0x000000000050d400	0x0000000000000000
0x50d400 <nr_crypt_ctx.0>:	0x6d43424d4e783331	0x00000051324c6d6c
0x50d410 <nr_crypt_ctx.0+16>:	0x0000000000000000	0x0000000000000000
0x50d420 <nr_crypt_ctx.0+32>:	0x0000000000000000	0x0000000000000000


pwndbg> x/80gx 0x00000000005186b0
0x5186b0:	0x00000000005186e0	0x00000000005188eb
0x5186c0:	0x00000000746f6f72	0x0000000000000000
0x5186d0:	0x0000000000000000	0x0000000000000031
0x5186e0:	0x0000000000000000	0x00000000005188c0
0x5186f0:	0x0000000044434241	0x00000000000003e8
0x518700:	0x0000000000000000	0x0000000000000051
0x518710:	0x73754a0a78656c41	0x7265737520612074
0x518720:	0x73696874206e6f20	0x2e6d657473797320
0x518730:	0x0000000000000000	0x0000000000000000
0x518740:	0x0000000000000000	0x0000000000000000
0x518750:	0x0000000000000000	0x0000000000000061
0x518760:	0x0000000000000518	0x0000000000517d90
0x518770:	0x7420747375727420	0x7275636573206568
0x518780:	0x7420666f20797469	0x676f727020736968
0x518790:	0x00002e2e2e6d6172	0x0000000000000000
0x5187a0:	0x0000000000000000	0x0000000000000000
0x5187b0:	0x0000000000000000	0x0000000000000071
0x5187c0:	0x200a796e6e686f4a	0x6572757320746f4e
0x5187d0:	0x6120492079687720	0x726573752061206d
0x5187e0:	0x73696874206e6f20	0x2e6d657473797320
0x5187f0:	0x0000000000000000	0x0000000000000000
0x518800:	0x0000000000000000	0x0000000000000000
0x518810:	0x0000000000000000	0x0000000000000000
0x518820:	0x0000000000000000	0x0000000000000091
0x518830:	0x0000000000000518	0x6161616161616161
0x518840:	0x6161616161616161	0x6161616161616161
0x518850:	0x6161616161616161	0x6161616161616161
0x518860:	0x6161616161616161	0x6161616161616161
0x518870:	0x6161616161616161	0x6161616161616161
0x518880:	0x6161616161616161	0x6161616161616161
0x518890:	0x6161616161616161	0x6161616161616161
0x5188a0:	0x6161616161616161	0x6161616161616161
0x5188b0:	0x6161616161616161	0x6161616161616161
0x5188c0:	0x6161610044434241	0x6d43424d4e783331
0x5188d0:	0x61610051324c6d6c	0x6161616161616161
0x5188e0:	0x6161616161616161	0x6161616161616161
0x5188f0:	0x6161616161616161	0x6161616161616161
0x518900:	0x0000000000000000	0x0000000000000000
0x518910:	0x0000000000000000	0x0000000000000000


────────────────────────────────────────────────[ REGISTERS ]─────────────────────────────────────────────────
 RAX  0x50d400 (nr_crypt_ctx) ◂— '13OTCcGbCo.BQ'
 RBX  0x400540 ◂— 0x0
 RCX  0x0
 RDX  0x5188f3 ◂— 'aaaaaaaaaaaaa'
*RDI  0x50d400 (nr_crypt_ctx) ◂— '13OTCcGbCo.BQ'
 RSI  0x5188f3 ◂— 'aaaaaaaaaaaaa'
 R8   0x50d40d (nr_crypt_ctx+13) ◂— 0x0
 R9   0x9a
 R10  0xa6
 R11  0x93
 R12  0x419dd0 (__libc_csu_fini) ◂— endbr64 
 R13  0x0
 R14  0x50b018 (_GLOBAL_OFFSET_TABLE_+24) —▸ 0x460160 (__strcpy_avx2) ◂— endbr64 
 R15  0x400540 ◂— 0x0
 RBP  0x7fffffffdc50 —▸ 0x7fffffffdc70 —▸ 0x7fffffffdc80 —▸ 0x419d30 (__libc_csu_init) ◂— endbr64 
 RSP  0x7fffffffdc00 —▸ 0x5186b0 —▸ 0x5186e0 ◂— 0x0
*RIP  0x40208e (logout+221) ◂— call   0x401130
──────────────────────────────────────────────────[ DISASM ]──────────────────────────────────────────────────
   0x40207c <logout+203>    mov    rax, qword ptr [rax + 8]
   0x402080 <logout+207>    lea    rdx, [rax + 8]
   0x402084 <logout+211>    mov    rax, qword ptr [rbp - 0x48]
   0x402088 <logout+215>    mov    rsi, rdx
   0x40208b <logout+218>    mov    rdi, rax
 ► 0x40208e <logout+221>    call   0x401130 <0x401130>
 
   0x402093 <logout+226>    test   eax, eax
   0x402095 <logout+228>    jne    logout+291 <logout+291>
 
   0x402097 <logout+230>    mov    rax, qword ptr [rbp - 0x50]
   0x40209b <logout+234>    add    rax, 0x10
   0x40209f <logout+238>    mov    rsi, rax
──────────────────────────────────────────────────[ STACK ]───────────────────────────────────────────────

13xNMBCmlmL2Q
aaaaaaaaaaaaa

